This is pdfTeX, Version 3.14159265-2.6-1.40.20 (TeX Live 2019/Debian) (preloaded format=pdflatex 2020.9.28)  4 JUN 2021 13:32
entering extended mode
 restricted \write18 enabled.
 %&-line parsing enabled.
**Assignment5.tex
(./Assignment5.tex
LaTeX2e <2020-02-02> patch level 2
L3 programming layer <2020-02-14>
(/usr/share/texlive/texmf-dist/tex/latex/base/book.cls
Document Class: book 2019/12/20 v1.4l Standard LaTeX document class
(/usr/share/texlive/texmf-dist/tex/latex/base/bk12.clo
File: bk12.clo 2019/12/20 v1.4l Standard LaTeX file (size option)
)
\c@part=\count167
\c@chapter=\count168
\c@section=\count169
\c@subsection=\count170
\c@subsubsection=\count171
\c@paragraph=\count172
\c@subparagraph=\count173
\c@figure=\count174
\c@table=\count175
\abovecaptionskip=\skip47
\belowcaptionskip=\skip48
\bibindent=\dimen134
)
(/usr/share/texlive/texmf-dist/tex/latex/graphics/graphicx.sty
Package: graphicx 2019/11/30 v1.2a Enhanced LaTeX Graphics (DPC,SPQR)

(/usr/share/texlive/texmf-dist/tex/latex/graphics/keyval.sty
Package: keyval 2014/10/28 v1.15 key=value parser (DPC)
\KV@toks@=\toks14
)
(/usr/share/texlive/texmf-dist/tex/latex/graphics/graphics.sty
Package: graphics 2019/11/30 v1.4a Standard LaTeX Graphics (DPC,SPQR)

(/usr/share/texlive/texmf-dist/tex/latex/graphics/trig.sty
Package: trig 2016/01/03 v1.10 sin cos tan (DPC)
)
(/usr/share/texlive/texmf-dist/tex/latex/graphics-cfg/graphics.cfg
File: graphics.cfg 2016/06/04 v1.11 sample graphics configuration
)
Package graphics Info: Driver file: pdftex.def on input line 105.

(/usr/share/texlive/texmf-dist/tex/latex/graphics-def/pdftex.def
File: pdftex.def 2018/01/08 v1.0l Graphics/color driver for pdftex
))
\Gin@req@height=\dimen135
\Gin@req@width=\dimen136
)
(/usr/share/texlive/texmf-dist/tex/latex/base/inputenc.sty
Package: inputenc 2018/08/11 v1.3c Input encoding file
\inpenc@prehook=\toks15
\inpenc@posthook=\toks16
)
(/usr/share/texlive/texmf-dist/tex/latex/preprint/fullpage.sty
Package: fullpage 1999/02/23 1.1 (PWD)
\FP@margin=\skip49
)
(/usr/share/texlive/texmf-dist/tex/latex/geometry/geometry.sty
Package: geometry 2020/01/02 v5.9 Page Geometry

(/usr/share/texlive/texmf-dist/tex/generic/iftex/ifvtex.sty
Package: ifvtex 2019/10/25 v1.7 ifvtex legacy package. Use iftex instead.

(/usr/share/texlive/texmf-dist/tex/generic/iftex/iftex.sty
Package: iftex 2019/11/07 v1.0c TeX engine tests
))
\Gm@cnth=\count176
\Gm@cntv=\count177
\c@Gm@tempcnt=\count178
\Gm@bindingoffset=\dimen137
\Gm@wd@mp=\dimen138
\Gm@odd@mp=\dimen139
\Gm@even@mp=\dimen140
\Gm@layoutwidth=\dimen141
\Gm@layoutheight=\dimen142
\Gm@layouthoffset=\dimen143
\Gm@layoutvoffset=\dimen144
\Gm@dimlist=\toks17
)
(/usr/share/texlive/texmf-dist/tex/latex/amsmath/amsmath.sty
Package: amsmath 2020/01/20 v2.17e AMS math features
\@mathmargin=\skip50

For additional information on amsmath, use the `?' option.
(/usr/share/texlive/texmf-dist/tex/latex/amsmath/amstext.sty
Package: amstext 2000/06/29 v2.01 AMS text

(/usr/share/texlive/texmf-dist/tex/latex/amsmath/amsgen.sty
File: amsgen.sty 1999/11/30 v2.0 generic functions
\@emptytoks=\toks18
\ex@=\dimen145
))
(/usr/share/texlive/texmf-dist/tex/latex/amsmath/amsbsy.sty
Package: amsbsy 1999/11/29 v1.2d Bold Symbols
\pmbraise@=\dimen146
)
(/usr/share/texlive/texmf-dist/tex/latex/amsmath/amsopn.sty
Package: amsopn 2016/03/08 v2.02 operator names
)
\inf@bad=\count179
LaTeX Info: Redefining \frac on input line 227.
\uproot@=\count180
\leftroot@=\count181
LaTeX Info: Redefining \overline on input line 389.
\classnum@=\count182
\DOTSCASE@=\count183
LaTeX Info: Redefining \ldots on input line 486.
LaTeX Info: Redefining \dots on input line 489.
LaTeX Info: Redefining \cdots on input line 610.
\Mathstrutbox@=\box45
\strutbox@=\box46
\big@size=\dimen147
LaTeX Font Info:    Redeclaring font encoding OML on input line 733.
LaTeX Font Info:    Redeclaring font encoding OMS on input line 734.
\macc@depth=\count184
\c@MaxMatrixCols=\count185
\dotsspace@=\muskip16
\c@parentequation=\count186
\dspbrk@lvl=\count187
\tag@help=\toks19
\row@=\count188
\column@=\count189
\maxfields@=\count190
\andhelp@=\toks20
\eqnshift@=\dimen148
\alignsep@=\dimen149
\tagshift@=\dimen150
\tagwidth@=\dimen151
\totwidth@=\dimen152
\lineht@=\dimen153
\@envbody=\toks21
\multlinegap=\skip51
\multlinetaggap=\skip52
\mathdisplay@stack=\toks22
LaTeX Info: Redefining \[ on input line 2859.
LaTeX Info: Redefining \] on input line 2860.
)
(/usr/share/texlive/texmf-dist/tex/latex/listings/listings.sty
\lst@mode=\count191
\lst@gtempboxa=\box47
\lst@token=\toks23
\lst@length=\count192
\lst@currlwidth=\dimen154
\lst@column=\count193
\lst@pos=\count194
\lst@lostspace=\dimen155
\lst@width=\dimen156
\lst@newlines=\count195
\lst@lineno=\count196
\lst@maxwidth=\dimen157

(/usr/share/texlive/texmf-dist/tex/latex/listings/lstmisc.sty
File: lstmisc.sty 2019/09/10 1.8c (Carsten Heinz)
\c@lstnumber=\count197
\lst@skipnumbers=\count198
\lst@framebox=\box48
)
(/usr/share/texlive/texmf-dist/tex/latex/listings/listings.cfg
File: listings.cfg 2019/09/10 1.8c listings configuration
))
Package: listings 2019/09/10 1.8c (Carsten Heinz)

(/usr/share/texlive/texmf-dist/tex/latex/l3backend/l3backend-pdfmode.def
File: l3backend-pdfmode.def 2020-02-03 L3 backend support: PDF mode
\l__kernel_color_stack_int=\count199
\l__pdf_internal_box=\box49
)
(./Assignment5.aux)
\openout1 = `Assignment5.aux'.

LaTeX Font Info:    Checking defaults for OML/cmm/m/it on input line 11.
LaTeX Font Info:    ... okay on input line 11.
LaTeX Font Info:    Checking defaults for OMS/cmsy/m/n on input line 11.
LaTeX Font Info:    ... okay on input line 11.
LaTeX Font Info:    Checking defaults for OT1/cmr/m/n on input line 11.
LaTeX Font Info:    ... okay on input line 11.
LaTeX Font Info:    Checking defaults for T1/cmr/m/n on input line 11.
LaTeX Font Info:    ... okay on input line 11.
LaTeX Font Info:    Checking defaults for TS1/cmr/m/n on input line 11.
LaTeX Font Info:    ... okay on input line 11.
LaTeX Font Info:    Checking defaults for OMX/cmex/m/n on input line 11.
LaTeX Font Info:    ... okay on input line 11.
LaTeX Font Info:    Checking defaults for U/cmr/m/n on input line 11.
LaTeX Font Info:    ... okay on input line 11.

(/usr/share/texlive/texmf-dist/tex/context/base/mkii/supp-pdf.mkii
[Loading MPS to PDF converter (version 2006.09.02).]
\scratchcounter=\count266
\scratchdimen=\dimen158
\scratchbox=\box50
\nofMPsegments=\count267
\nofMParguments=\count268
\everyMPshowfont=\toks24
\MPscratchCnt=\count269
\MPscratchDim=\dimen159
\MPnumerator=\count270
\makeMPintoPDFobject=\count271
\everyMPtoPDFconversion=\toks25
) (/usr/share/texlive/texmf-dist/tex/latex/epstopdf-pkg/epstopdf-base.sty
Package: epstopdf-base 2020-01-24 v2.11 Base part for package epstopdf
Package epstopdf-base Info: Redefining graphics rule for `.eps' on input line 4
85.

(/usr/share/texlive/texmf-dist/tex/latex/latexconfig/epstopdf-sys.cfg
File: epstopdf-sys.cfg 2010/07/13 v1.3 Configuration of (r)epstopdf for TeX Liv
e
))
*geometry* driver: auto-detecting
*geometry* detected driver: pdftex
*geometry* verbose mode - [ preamble ] result:
* driver: pdftex
* paper: custom
* layout: <same size as paper>
* layoutoffset:(h,v)=(0.0pt,0.0pt)
* modes: twoside 
* h-part:(L,W,R)=(0.0pt, 614.295pt, 0.0pt)
* v-part:(T,H,B)=(0.0pt, 794.96999pt, 0.0pt)
* \paperwidth=614.295pt
* \paperheight=794.96999pt
* \textwidth=614.295pt
* \textheight=794.96999pt
* \oddsidemargin=-72.26999pt
* \evensidemargin=-72.26999pt
* \topmargin=-72.26999pt
* \headheight=0.0pt
* \headsep=0.0pt
* \topskip=12.0pt
* \footskip=30.0pt
* \marginparwidth=98.0pt
* \marginparsep=7.0pt
* \columnsep=10.0pt
* \skip\footins=10.8pt plus 4.0pt minus 2.0pt
* \hoffset=0.0pt
* \voffset=0.0pt
* \mag=1000
* \@twocolumnfalse
* \@twosidetrue
* \@mparswitchtrue
* \@reversemarginfalse
* (1in=72.27pt=25.4mm, 1cm=28.453pt)

\c@lstlisting=\count272
<images/NITDGP.png, id=1, 314.17375pt x 321.2pt>
File: images/NITDGP.png Graphic file (type png)
<use images/NITDGP.png>
Package pdftex.def Info: images/NITDGP.png  used on input line 31.
(pdftex.def)             Requested size: 113.81102pt x 116.35237pt.
[1


{/var/lib/texmf/fonts/map/pdftex/updmap/pdftex.map} <./images/NITDGP.png>]
<images/Page1.jpeg, id=10, 927.465pt x 1284.8pt>
File: images/Page1.jpeg Graphic file (type jpg)
<use images/Page1.jpeg>
Package pdftex.def Info: images/Page1.jpeg  used on input line 39.
(pdftex.def)             Requested size: 614.3082pt x 722.71783pt.
<images/Page2.jpeg, id=11, 911.405pt x 1284.8pt>
File: images/Page2.jpeg Graphic file (type jpg)
<use images/Page2.jpeg>
Package pdftex.def Info: images/Page2.jpeg  used on input line 41.
(pdftex.def)             Requested size: 614.3096pt x 794.97983pt.
<images/Page3.jpeg, id=12, 905.3825pt x 1284.8pt>
File: images/Page3.jpeg Graphic file (type jpg)
<use images/Page3.jpeg>
Package pdftex.def Info: images/Page3.jpeg  used on input line 42.
(pdftex.def)             Requested size: 614.2981pt x 794.97983pt.
<images/Page4.jpeg, id=13, 860.21375pt x 1191.45125pt>
File: images/Page4.jpeg Graphic file (type jpg)
<use images/Page4.jpeg>
Package pdftex.def Info: images/Page4.jpeg  used on input line 43.
(pdftex.def)             Requested size: 614.29999pt x 794.95943pt.
<images/Page5.jpeg, id=14, 936.49875pt x 1284.8pt>
File: images/Page5.jpeg Graphic file (type jpg)
<use images/Page5.jpeg>
Package pdftex.def Info: images/Page5.jpeg  used on input line 44.
(pdftex.def)             Requested size: 614.33287pt x 794.97983pt.

[2 <./images/Page1.jpeg>] [3 <./images/Page2.jpeg>] [4 <./images/Page3.jpeg>]
[5 <./images/Page4.jpeg>] [6 <./images/Page5.jpeg>]
Overfull \hbox (133.00371pt too wide) in paragraph at lines 73--74
[][][][][][][][][][][][][][][][][][][][][][][][][][][][][][][][][][][][][][][][
][][] 
 []


Overfull \hbox (154.15367pt too wide) in paragraph at lines 95--97
[][][][][][][][][][][][][][][][][][][][][][][][][][][][][][] 
 []

[7]
Overfull \hbox (133.00371pt too wide) in paragraph at lines 142--143
[][][][][][][][][][][][][][][][][][][][][][][][][][][][][][][][][][][][][][][][
][] 
 []

LaTeX Font Info:    Trying to load font information for OML+cmr on input line 1
44.
(/usr/share/texlive/texmf-dist/tex/latex/base/omlcmr.fd
File: omlcmr.fd 2019/12/16 v2.5j Standard LaTeX font definitions
)
LaTeX Font Info:    Font shape `OML/cmr/m/n' in size <12> not available
(Font)              Font shape `OML/cmm/m/it' tried instead on input line 144.

Overfull \hbox (203.50359pt too wide) in paragraph at lines 145--146
[][][][][][][][][][][][][][][][][][][][][][][][][][][][][][][][][][][][][][][][
][][][] 
 []


Overfull \hbox (231.70354pt too wide) in paragraph at lines 151--152
[][][][][][][][][][][][][][][][][][][][][][][][][][][][][][][][][][][][][][][][
][][][][][][][][] 
 []


Overfull \hbox (217.60356pt too wide) in paragraph at lines 153--155
[][][][][][][][][][][][][][][][][][][] 
 []


Overfull \hbox (41.35387pt too wide) in paragraph at lines 155--156
[][][][][][][][][][][][][][][][][][][][][][][][][][][][][][][][][][][][] 
 []

[8]
Overfull \hbox (83.6538pt too wide) in paragraph at lines 157--158
[][][][][][][][][][][][][][][][][][][][][][][][][][][][][][][][][][][][][] 
 []


Overfull \hbox (182.35362pt too wide) in paragraph at lines 162--163
[][][][][][][][][][][][][][][][][][][][][][][][][][][][][][][][][][][][][][][][
][][][] 
 []


Overfull \hbox (27.25389pt too wide) in paragraph at lines 172--174
[][][][][][][][][][][][][][][][] 
 []


Overfull \hbox (13.15392pt too wide) in paragraph at lines 195--196
[][][][][][][][][][][][][][][][][][][][][][][][][][][][][][][][][][] 
 []


Overfull \hbox (62.50383pt too wide) in paragraph at lines 201--202
[][][][][][][][][][][][][][][][][][] 
 []


Overfull \hbox (111.85374pt too wide) in paragraph at lines 202--203
[][][][][][][][][][][][][][][][][][][][][][][][][][][][][][][][][][][][] 
 []

[9]
Overfull \hbox (189.40361pt too wide) in paragraph at lines 236--237
[][][][][][][][][][][][][][][][][][][][][][] 
 []


Overfull \hbox (6.10393pt too wide) in paragraph at lines 237--239
[][][][][] 
 []


Overfull \hbox (189.40361pt too wide) in paragraph at lines 244--245
[][][][][][][][][][][][][][][][][][][][][][] 
 []


Overfull \hbox (6.10393pt too wide) in paragraph at lines 245--247
[][][][][] 
 []


Overfull \hbox (55.45384pt too wide) in paragraph at lines 254--255
[][][][][][][][][][][][][][][][][][][][][][][][][][][][][][] 
 []


Overfull \hbox (41.35387pt too wide) in paragraph at lines 256--257
[][][][][][][][][][][][][][][][][][][][][] 
 []

[10]
Overfull \hbox (69.55382pt too wide) in paragraph at lines 266--267
[][][][][][][][][][][][][][][][][][][][][][][][][][][][][] 
 []


Overfull \hbox (104.80376pt too wide) in paragraph at lines 278--279
[][][][][][][][][][][][][][][][][][][][][][][][][][][][][][][][][][][][][][] 
 []

[11]
Overfull \hbox (6.10393pt too wide) in paragraph at lines 353--354
[][][][][][][][][][][][][][][][][][][][][][][][][][][][][] 
 []


Overfull \hbox (6.10393pt too wide) in paragraph at lines 361--363
[][][][][][][][][][][] 
 []

[12]
Overfull \hbox (27.25389pt too wide) in paragraph at lines 372--373
[][][][][][][][][][][][][][][][][][][][][][][][][][][][][][][][][][][][][] 
 []


Overfull \hbox (140.0537pt too wide) in paragraph at lines 379--380
[][][][][][][][][][][][][][] 
 []


Overfull \hbox (69.55382pt too wide) in paragraph at lines 398--399
[][][][][][][][][][][][][][][][][][][][][][][][][][] 
 []


Overfull \hbox (161.20366pt too wide) in paragraph at lines 417--418
[][][][][][][][][][][][][][][][][][][][][][][][][][][][][][][][][][][][][] 
 []

[13]
Overfull \hbox (147.10368pt too wide) in paragraph at lines 430--432
[][][][][][][][][][][][][][][][][][][][][][][][][][][][][][][][][][][][][][] 
 []


Overfull \hbox (182.35362pt too wide) in paragraph at lines 433--434
[][][][][][][][][][][][][][][][][][][][][][][][][][][][][][][][][][][][][][][][
][][][][][][][] 
 []


Overfull \hbox (104.80376pt too wide) in paragraph at lines 444--445
[][][][][][][][][][][][][][][][][][][][][][][][][][][][][][][][][][][][][][][][
][][][] 
 []

LaTeX Font Info:    Trying to load font information for OMS+cmr on input line 4
72.
(/usr/share/texlive/texmf-dist/tex/latex/base/omscmr.fd
File: omscmr.fd 2019/12/16 v2.5j Standard LaTeX font definitions
)
LaTeX Font Info:    Font shape `OMS/cmr/m/n' in size <12> not available
(Font)              Font shape `OMS/cmsy/m/n' tried instead on input line 472.

Overfull \hbox (161.20366pt too wide) in paragraph at lines 478--479
[][][][][][][][][][][][][][][][][][][][][][][][][][][][][][][][][][][][][][][][
] 
 []

[14] [15]
<images/Output1.png, id=63, 1371.1225pt x 770.88pt>
File: images/Output1.png Graphic file (type png)
<use images/Output1.png>
Package pdftex.def Info: images/Output1.png  used on input line 490.
(pdftex.def)             Requested size: 550.0pt x 309.22874pt.
 [16 <./images/Output1.png>]
File: images/Page1.jpeg Graphic file (type jpg)
<use images/Page1.jpeg>
Package pdftex.def Info: images/Page1.jpeg  used on input line 497.
(pdftex.def)             Requested size: 614.3082pt x 722.71783pt.
<images/Page6.jpeg, id=68, 924.45375pt x 1284.8pt>
File: images/Page6.jpeg Graphic file (type jpg)
<use images/Page6.jpeg>
Package pdftex.def Info: images/Page6.jpeg  used on input line 499.
(pdftex.def)             Requested size: 614.30264pt x 794.97983pt.
<images/Page7.jpeg, id=69, 934.49126pt x 1284.8pt>
File: images/Page7.jpeg Graphic file (type jpg)
<use images/Page7.jpeg>
Package pdftex.def Info: images/Page7.jpeg  used on input line 500.
(pdftex.def)             Requested size: 614.32782pt x 794.97983pt.
<images/Page8.jpeg, id=70, 914.41624pt x 1284.8pt>
File: images/Page8.jpeg Graphic file (type jpg)
<use images/Page8.jpeg>
Package pdftex.def Info: images/Page8.jpeg  used on input line 501.
(pdftex.def)             Requested size: 614.3161pt x 794.97983pt.
<images/Page9.jpeg, id=71, 943.525pt x 1284.8pt>
File: images/Page9.jpeg Graphic file (type jpg)
<use images/Page9.jpeg>
Package pdftex.def Info: images/Page9.jpeg  used on input line 502.
(pdftex.def)             Requested size: 614.30617pt x 794.97983pt.
<images/Page10.jpeg, id=72, 925.4575pt x 1284.8pt>
File: images/Page10.jpeg Graphic file (type jpg)
<use images/Page10.jpeg>
Package pdftex.def Info: images/Page10.jpeg  used on input line 503.
(pdftex.def)             Requested size: 614.30594pt x 794.97983pt.
 [17] [18 <./images/Page6.jpeg>] [19 <./images/Page7.jpeg>] [20 <./images/Page8
.jpeg>] [21 <./images/Page9.jpeg>]
[22 <./images/Page10.jpeg>]
Overfull \hbox (133.00371pt too wide) in paragraph at lines 531--532
[][][][][][][][][][][][][][][][][][][][][][][][][][][][][][][][][][][][][][][][
][][] 
 []


Overfull \hbox (154.15367pt too wide) in paragraph at lines 553--555
[][][][][][][][][][][][][][][][][][][][][][][][][][][][][][] 
 []

[23]
Overfull \hbox (133.00371pt too wide) in paragraph at lines 600--601
[][][][][][][][][][][][][][][][][][][][][][][][][][][][][][][][][][][][][][][][
][] 
 []


Overfull \hbox (203.50359pt too wide) in paragraph at lines 603--604
[][][][][][][][][][][][][][][][][][][][][][][][][][][][][][][][][][][][][][][][
][][][] 
 []


Overfull \hbox (231.70354pt too wide) in paragraph at lines 609--610
[][][][][][][][][][][][][][][][][][][][][][][][][][][][][][][][][][][][][][][][
][][][][][][][][] 
 []


Overfull \hbox (217.60356pt too wide) in paragraph at lines 611--613
[][][][][][][][][][][][][][][][][][][] 
 []


Overfull \hbox (41.35387pt too wide) in paragraph at lines 613--614
[][][][][][][][][][][][][][][][][][][][][][][][][][][][][][][][][][][][] 
 []

[24]
Overfull \hbox (83.6538pt too wide) in paragraph at lines 615--616
[][][][][][][][][][][][][][][][][][][][][][][][][][][][][][][][][][][][][] 
 []


Overfull \hbox (182.35362pt too wide) in paragraph at lines 620--621
[][][][][][][][][][][][][][][][][][][][][][][][][][][][][][][][][][][][][][][][
][][][] 
 []


Overfull \hbox (27.25389pt too wide) in paragraph at lines 630--632
[][][][][][][][][][][][][][][][] 
 []


Overfull \hbox (13.15392pt too wide) in paragraph at lines 653--654
[][][][][][][][][][][][][][][][][][][][][][][][][][][][][][][][][][] 
 []


Overfull \hbox (62.50383pt too wide) in paragraph at lines 659--660
[][][][][][][][][][][][][][][][][][] 
 []


Overfull \hbox (111.85374pt too wide) in paragraph at lines 660--661
[][][][][][][][][][][][][][][][][][][][][][][][][][][][][][][][][][][][] 
 []

[25]
Overfull \hbox (189.40361pt too wide) in paragraph at lines 694--695
[][][][][][][][][][][][][][][][][][][][][][] 
 []


Overfull \hbox (6.10393pt too wide) in paragraph at lines 695--697
[][][][][] 
 []


Overfull \hbox (189.40361pt too wide) in paragraph at lines 702--703
[][][][][][][][][][][][][][][][][][][][][][] 
 []


Overfull \hbox (6.10393pt too wide) in paragraph at lines 703--705
[][][][][] 
 []


Overfull \hbox (55.45384pt too wide) in paragraph at lines 712--713
[][][][][][][][][][][][][][][][][][][][][][][][][][][][][][] 
 []


Overfull \hbox (41.35387pt too wide) in paragraph at lines 714--715
[][][][][][][][][][][][][][][][][][][][][] 
 []

[26]
Overfull \hbox (69.55382pt too wide) in paragraph at lines 724--725
[][][][][][][][][][][][][][][][][][][][][][][][][][][][][] 
 []


Overfull \hbox (104.80376pt too wide) in paragraph at lines 736--737
[][][][][][][][][][][][][][][][][][][][][][][][][][][][][][][][][][][][][][] 
 []

[27]
Overfull \hbox (6.10393pt too wide) in paragraph at lines 811--812
[][][][][][][][][][][][][][][][][][][][][][][][][][][][][] 
 []


Overfull \hbox (6.10393pt too wide) in paragraph at lines 819--821
[][][][][][][][][][][] 
 []

[28]
Overfull \hbox (27.25389pt too wide) in paragraph at lines 830--831
[][][][][][][][][][][][][][][][][][][][][][][][][][][][][][][][][][][][][] 
 []


Overfull \hbox (140.0537pt too wide) in paragraph at lines 837--838
[][][][][][][][][][][][][][] 
 []


Overfull \hbox (69.55382pt too wide) in paragraph at lines 856--857
[][][][][][][][][][][][][][][][][][][][][][][][][][] 
 []


Overfull \hbox (161.20366pt too wide) in paragraph at lines 875--876
[][][][][][][][][][][][][][][][][][][][][][][][][][][][][][][][][][][][][] 
 []

[29]
Overfull \hbox (147.10368pt too wide) in paragraph at lines 888--890
[][][][][][][][][][][][][][][][][][][][][][][][][][][][][][][][][][][][][][] 
 []


Overfull \hbox (182.35362pt too wide) in paragraph at lines 891--892
[][][][][][][][][][][][][][][][][][][][][][][][][][][][][][][][][][][][][][][][
][][][][][][][] 
 []


Overfull \hbox (104.80376pt too wide) in paragraph at lines 902--903
[][][][][][][][][][][][][][][][][][][][][][][][][][][][][][][][][][][][][][][][
][][][] 
 []


Overfull \hbox (161.20366pt too wide) in paragraph at lines 935--936
[][][][][][][][][][][][][][][][][][][][][][][][][][][][][][][][][][][][][][][][
] 
 []

[30] [31]
<images/Output2.png, id=121, 1371.1225pt x 770.88pt>
File: images/Output2.png Graphic file (type png)
<use images/Output2.png>
Package pdftex.def Info: images/Output2.png  used on input line 947.
(pdftex.def)             Requested size: 550.0pt x 309.22874pt.
 [32 <./images/Output2.png>] (./Assignment5.aux) ) 
Here is how much of TeX's memory you used:
 4115 strings out of 481239
 55711 string characters out of 5920377
 336847 words of memory out of 5000000
 19362 multiletter control sequences out of 15000+600000
 536699 words of font info for 39 fonts, out of 8000000 for 9000
 1141 hyphenation exceptions out of 8191
 30i,5n,36p,228b,1519s stack positions out of 5000i,500n,10000p,200000b,80000s
{/usr/share/texmf/fonts/enc/d
vips/cm-super/cm-super-ts1.enc}</usr/share/texlive/texmf-dist/fonts/type1/publi
c/amsfonts/cm/cmbx12.pfb></usr/share/texlive/texmf-dist/fonts/type1/public/amsf
onts/cm/cmmi12.pfb></usr/share/texlive/texmf-dist/fonts/type1/public/amsfonts/c
m/cmr12.pfb></usr/share/texlive/texmf-dist/fonts/type1/public/amsfonts/cm/cmsy1
0.pfb></usr/share/texmf/fonts/type1/public/cm-super/sfrm1200.pfb>
Output written on Assignment5.pdf (32 pages, 1267594 bytes).
PDF statistics:
 145 PDF objects out of 1000 (max. 8388607)
 89 compressed objects within 1 object stream
 0 named destinations out of 1000 (max. 500000)
 66 words of extra memory for PDF output out of 10000 (max. 10000000)

