This is pdfTeX, Version 3.14159265-2.6-1.40.20 (TeX Live 2019/Debian) (preloaded format=pdflatex 2020.9.28)  28 MAY 2021 16:00
entering extended mode
 restricted \write18 enabled.
 %&-line parsing enabled.
**Assignment1.tex
(./Assignment1.tex
LaTeX2e <2020-02-02> patch level 2
L3 programming layer <2020-02-14>
(/usr/share/texlive/texmf-dist/tex/latex/base/article.cls
Document Class: article 2019/12/20 v1.4l Standard LaTeX document class
(/usr/share/texlive/texmf-dist/tex/latex/base/size10.clo
File: size10.clo 2019/12/20 v1.4l Standard LaTeX file (size option)
)
\c@part=\count167
\c@section=\count168
\c@subsection=\count169
\c@subsubsection=\count170
\c@paragraph=\count171
\c@subparagraph=\count172
\c@figure=\count173
\c@table=\count174
\abovecaptionskip=\skip47
\belowcaptionskip=\skip48
\bibindent=\dimen134
)
(/usr/share/texlive/texmf-dist/tex/latex/geometry/geometry.sty
Package: geometry 2020/01/02 v5.9 Page Geometry

(/usr/share/texlive/texmf-dist/tex/latex/graphics/keyval.sty
Package: keyval 2014/10/28 v1.15 key=value parser (DPC)
\KV@toks@=\toks14
)
(/usr/share/texlive/texmf-dist/tex/generic/iftex/ifvtex.sty
Package: ifvtex 2019/10/25 v1.7 ifvtex legacy package. Use iftex instead.

(/usr/share/texlive/texmf-dist/tex/generic/iftex/iftex.sty
Package: iftex 2019/11/07 v1.0c TeX engine tests
))
\Gm@cnth=\count175
\Gm@cntv=\count176
\c@Gm@tempcnt=\count177
\Gm@bindingoffset=\dimen135
\Gm@wd@mp=\dimen136
\Gm@odd@mp=\dimen137
\Gm@even@mp=\dimen138
\Gm@layoutwidth=\dimen139
\Gm@layoutheight=\dimen140
\Gm@layouthoffset=\dimen141
\Gm@layoutvoffset=\dimen142
\Gm@dimlist=\toks15
)
(/usr/share/texlive/texmf-dist/tex/latex/graphics/graphicx.sty
Package: graphicx 2019/11/30 v1.2a Enhanced LaTeX Graphics (DPC,SPQR)

(/usr/share/texlive/texmf-dist/tex/latex/graphics/graphics.sty
Package: graphics 2019/11/30 v1.4a Standard LaTeX Graphics (DPC,SPQR)

(/usr/share/texlive/texmf-dist/tex/latex/graphics/trig.sty
Package: trig 2016/01/03 v1.10 sin cos tan (DPC)
)
(/usr/share/texlive/texmf-dist/tex/latex/graphics-cfg/graphics.cfg
File: graphics.cfg 2016/06/04 v1.11 sample graphics configuration
)
Package graphics Info: Driver file: pdftex.def on input line 105.

(/usr/share/texlive/texmf-dist/tex/latex/graphics-def/pdftex.def
File: pdftex.def 2018/01/08 v1.0l Graphics/color driver for pdftex
))
\Gin@req@height=\dimen143
\Gin@req@width=\dimen144
)
(/usr/share/texlive/texmf-dist/tex/latex/listings/listings.sty
\lst@mode=\count178
\lst@gtempboxa=\box45
\lst@token=\toks16
\lst@length=\count179
\lst@currlwidth=\dimen145
\lst@column=\count180
\lst@pos=\count181
\lst@lostspace=\dimen146
\lst@width=\dimen147
\lst@newlines=\count182
\lst@lineno=\count183
\lst@maxwidth=\dimen148

(/usr/share/texlive/texmf-dist/tex/latex/listings/lstmisc.sty
File: lstmisc.sty 2019/09/10 1.8c (Carsten Heinz)
\c@lstnumber=\count184
\lst@skipnumbers=\count185
\lst@framebox=\box46
)
(/usr/share/texlive/texmf-dist/tex/latex/listings/listings.cfg
File: listings.cfg 2019/09/10 1.8c listings configuration
))
Package: listings 2019/09/10 1.8c (Carsten Heinz)

(/usr/share/texlive/texmf-dist/tex/latex/l3backend/l3backend-pdfmode.def
File: l3backend-pdfmode.def 2020-02-03 L3 backend support: PDF mode
\l__kernel_color_stack_int=\count186
\l__pdf_internal_box=\box47
)
(./Assignment1.aux)
\openout1 = `Assignment1.aux'.

LaTeX Font Info:    Checking defaults for OML/cmm/m/it on input line 27.
LaTeX Font Info:    ... okay on input line 27.
LaTeX Font Info:    Checking defaults for OMS/cmsy/m/n on input line 27.
LaTeX Font Info:    ... okay on input line 27.
LaTeX Font Info:    Checking defaults for OT1/cmr/m/n on input line 27.
LaTeX Font Info:    ... okay on input line 27.
LaTeX Font Info:    Checking defaults for T1/cmr/m/n on input line 27.
LaTeX Font Info:    ... okay on input line 27.
LaTeX Font Info:    Checking defaults for TS1/cmr/m/n on input line 27.
LaTeX Font Info:    ... okay on input line 27.
LaTeX Font Info:    Checking defaults for OMX/cmex/m/n on input line 27.
LaTeX Font Info:    ... okay on input line 27.
LaTeX Font Info:    Checking defaults for U/cmr/m/n on input line 27.
LaTeX Font Info:    ... okay on input line 27.

*geometry* driver: auto-detecting
*geometry* detected driver: pdftex
*geometry* verbose mode - [ preamble ] result:
* driver: pdftex
* paper: a4paper
* layout: <same size as paper>
* layoutoffset:(h,v)=(0.0pt,0.0pt)
* modes: landscape 
* h-part:(L,W,R)=(42.67912pt, 759.6886pt, 42.67912pt)
* v-part:(T,H,B)=(42.67912pt, 512.14963pt, 42.67912pt)
* \paperwidth=845.04684pt
* \paperheight=597.50787pt
* \textwidth=759.6886pt
* \textheight=512.14963pt
* \oddsidemargin=-29.59087pt
* \evensidemargin=-29.59087pt
* \topmargin=-66.59087pt
* \headheight=12.0pt
* \headsep=25.0pt
* \topskip=10.0pt
* \footskip=30.0pt
* \marginparwidth=65.0pt
* \marginparsep=11.0pt
* \columnsep=10.0pt
* \skip\footins=9.0pt plus 4.0pt minus 2.0pt
* \hoffset=0.0pt
* \voffset=0.0pt
* \mag=1000
* \@twocolumnfalse
* \@twosidefalse
* \@mparswitchfalse
* \@reversemarginfalse
* (1in=72.27pt=25.4mm, 1cm=28.453pt)

(/usr/share/texlive/texmf-dist/tex/context/base/mkii/supp-pdf.mkii
[Loading MPS to PDF converter (version 2006.09.02).]
\scratchcounter=\count187
\scratchdimen=\dimen149
\scratchbox=\box48
\nofMPsegments=\count188
\nofMParguments=\count189
\everyMPshowfont=\toks17
\MPscratchCnt=\count190
\MPscratchDim=\dimen150
\MPnumerator=\count191
\makeMPintoPDFobject=\count192
\everyMPtoPDFconversion=\toks18
) (/usr/share/texlive/texmf-dist/tex/latex/epstopdf-pkg/epstopdf-base.sty
Package: epstopdf-base 2020-01-24 v2.11 Base part for package epstopdf
Package epstopdf-base Info: Redefining graphics rule for `.eps' on input line 4
85.

(/usr/share/texlive/texmf-dist/tex/latex/latexconfig/epstopdf-sys.cfg
File: epstopdf-sys.cfg 2010/07/13 v1.3 Configuration of (r)epstopdf for TeX Liv
e
))
\c@lstlisting=\count193
<images/NITDGP.png, id=1, 314.17375pt x 321.2pt>
File: images/NITDGP.png Graphic file (type png)
<use images/NITDGP.png>
Package pdftex.def Info: images/NITDGP.png  used on input line 28.
(pdftex.def)             Requested size: 113.81102pt x 116.35237pt.
LaTeX Font Info:    External font `cmex10' loaded for size
(Font)              <12> on input line 28.
LaTeX Font Info:    External font `cmex10' loaded for size
(Font)              <8> on input line 28.
LaTeX Font Info:    External font `cmex10' loaded for size
(Font)              <6> on input line 28.

[1

{/var/lib/texmf/fonts/map/pdftex/updmap/pdftex.map} <./images/NITDGP.png>]
LaTeX Font Info:    Trying to load font information for OML+cmr on input line 4
2.

(/usr/share/texlive/texmf-dist/tex/latex/base/omlcmr.fd
File: omlcmr.fd 2019/12/16 v2.5j Standard LaTeX font definitions
)
LaTeX Font Info:    Font shape `OML/cmr/m/n' in size <10> not available
(Font)              Font shape `OML/cmm/m/it' tried instead on input line 42.
LaTeX Font Info:    Trying to load font information for OMS+cmr on input line 5
4.

(/usr/share/texlive/texmf-dist/tex/latex/base/omscmr.fd
File: omscmr.fd 2019/12/16 v2.5j Standard LaTeX font definitions
)
LaTeX Font Info:    Font shape `OMS/cmr/m/n' in size <10> not available
(Font)              Font shape `OMS/cmsy/m/n' tried instead on input line 54.
LaTeX Font Info:    External font `cmex10' loaded for size
(Font)              <7> on input line 63.
LaTeX Font Info:    External font `cmex10' loaded for size
(Font)              <5> on input line 63.
 [2] [3] [4] [5]
<images/Question11.png, id=28, 1346.02875pt x 488.82625pt>
File: images/Question11.png Graphic file (type png)
<use images/Question11.png>
Package pdftex.def Info: images/Question11.png  used on input line 213.
(pdftex.def)             Requested size: 700.0pt x 254.21349pt.
<images/Question12.png, id=29, 1371.1225pt x 707.64375pt>
File: images/Question12.png Graphic file (type png)
<use images/Question12.png>
Package pdftex.def Info: images/Question12.png  used on input line 215.
(pdftex.def)             Requested size: 700.0pt x 361.28226pt.

[6 <./images/Question11.png>] [7 <./images/Question12.png>] [8] [9]
<images/Question13.png, id=45, 1371.1225pt x 503.8825pt>
File: images/Question13.png Graphic file (type png)
<use images/Question13.png>
Package pdftex.def Info: images/Question13.png  used on input line 340.
(pdftex.def)             Requested size: 700.0pt x 257.25346pt.
 [10]
<images/Question14.png, id=49, 1371.1225pt x 707.64375pt>
File: images/Question14.png Graphic file (type png)
<use images/Question14.png>
Package pdftex.def Info: images/Question14.png  used on input line 342.
(pdftex.def)             Requested size: 700.0pt x 361.28226pt.

[11 <./images/Question13.png>] [12 <./images/Question14.png>]
<images/Question21.png, id=58, 1371.1225pt x 710.655pt>
File: images/Question21.png Graphic file (type png)
<use images/Question21.png>
Package pdftex.def Info: images/Question21.png  used on input line 350.
(pdftex.def)             Requested size: 700.0pt x 362.81963pt.
<images/Question22.png, id=59, 1371.1225pt x 710.655pt>
File: images/Question22.png Graphic file (type png)
<use images/Question22.png>
Package pdftex.def Info: images/Question22.png  used on input line 351.
(pdftex.def)             Requested size: 700.0pt x 362.81963pt.
<images/Question23.png, id=60, 1371.1225pt x 707.64375pt>
File: images/Question23.png Graphic file (type png)
<use images/Question23.png>
Package pdftex.def Info: images/Question23.png  used on input line 352.
(pdftex.def)             Requested size: 700.0pt x 361.28226pt.
<images/Question24.png, id=61, 1371.1225pt x 707.64375pt>
File: images/Question24.png Graphic file (type png)
<use images/Question24.png>
Package pdftex.def Info: images/Question24.png  used on input line 353.
(pdftex.def)             Requested size: 700.0pt x 361.28226pt.
 [13 <./images/Question21.png>] [14 <./images/Question22.png>] [15 <./images/Qu
estion23.png>]
[16 <./images/Question24.png>]
<images/Question3A1.png, id=79, 1371.1225pt x 709.65125pt>
File: images/Question3A1.png Graphic file (type png)
<use images/Question3A1.png>
Package pdftex.def Info: images/Question3A1.png  used on input line 365.
(pdftex.def)             Requested size: 700.0pt x 362.30716pt.
 [17 <./images/Question3A1.png>]
<images/Question3A2.png, id=84, 1371.1225pt x 707.64375pt>
File: images/Question3A2.png Graphic file (type png)
<use images/Question3A2.png>
Package pdftex.def Info: images/Question3A2.png  used on input line 373.
(pdftex.def)             Requested size: 700.0pt x 361.28226pt.
 [18 <./images/Question3A2.png>]
<images/Question3A3.png, id=89, 1371.1225pt x 709.65125pt>
File: images/Question3A3.png Graphic file (type png)
<use images/Question3A3.png>
Package pdftex.def Info: images/Question3A3.png  used on input line 380.
(pdftex.def)             Requested size: 700.0pt x 362.30716pt.
 [19 <./images/Question3A3.png>]
<images/Question3A4.png, id=95, 1371.1225pt x 707.64375pt>
File: images/Question3A4.png Graphic file (type png)
<use images/Question3A4.png>
Package pdftex.def Info: images/Question3A4.png  used on input line 387.
(pdftex.def)             Requested size: 700.0pt x 361.28226pt.
 [20 <./images/Question3A4.png>]
<images/Question3A5.png, id=100, 1371.1225pt x 710.655pt>
File: images/Question3A5.png Graphic file (type png)
<use images/Question3A5.png>
Package pdftex.def Info: images/Question3A5.png  used on input line 394.
(pdftex.def)             Requested size: 700.0pt x 362.81963pt.
[21 <./images/Question3A5.png>]
<images/Question3A6.png, id=105, 1371.1225pt x 709.65125pt>
File: images/Question3A6.png Graphic file (type png)
<use images/Question3A6.png>
Package pdftex.def Info: images/Question3A6.png  used on input line 401.
(pdftex.def)             Requested size: 700.0pt x 362.30716pt.
 [22 <./images/Question3A6.png>]
<images/Question3B.png, id=110, 1371.1225pt x 512.91624pt>
File: images/Question3B.png Graphic file (type png)
<use images/Question3B.png>
Package pdftex.def Info: images/Question3B.png  used on input line 409.
(pdftex.def)             Requested size: 700.0pt x 261.86557pt.
 [23 <./images/Question3B.png>] [24] [25] [26] [27] [28] [29] [30] [31]
<images/Question3D.png, id=141, 1371.1225pt x 707.64375pt>
File: images/Question3D.png Graphic file (type png)
<use images/Question3D.png>
Package pdftex.def Info: images/Question3D.png  used on input line 786.
(pdftex.def)             Requested size: 700.0pt x 361.28226pt.
<images/Question3F.png, id=142, 1371.1225pt x 710.655pt>
File: images/Question3F.png Graphic file (type png)
<use images/Question3F.png>
Package pdftex.def Info: images/Question3F.png  used on input line 797.
(pdftex.def)             Requested size: 700.0pt x 362.81963pt.
 [32 <./images/Question3D.png>] [33 <./images/Question3F.png>] (./Assignment1.a
ux) ) 
Here is how much of TeX's memory you used:
 3444 strings out of 481239
 48672 string characters out of 5920377
 304955 words of memory out of 5000000
 18718 multiletter control sequences out of 15000+600000
 536928 words of font info for 39 fonts, out of 8000000 for 9000
 1141 hyphenation exceptions out of 8191
 30i,7n,36p,443b,1682s stack positions out of 5000i,500n,10000p,200000b,80000s
{/usr/share/texmf/fonts/enc/dvips/cm-super/cm-super-ts1.enc}</usr/share/te
xlive/texmf-dist/fonts/type1/public/amsfonts/cm/cmbx10.pfb></usr/share/texlive/
texmf-dist/fonts/type1/public/amsfonts/cm/cmbx12.pfb></usr/share/texlive/texmf-
dist/fonts/type1/public/amsfonts/cm/cmmi10.pfb></usr/share/texlive/texmf-dist/f
onts/type1/public/amsfonts/cm/cmr10.pfb></usr/share/texlive/texmf-dist/fonts/ty
pe1/public/amsfonts/cm/cmr12.pfb></usr/share/texlive/texmf-dist/fonts/type1/pub
lic/amsfonts/cm/cmsy10.pfb></usr/share/texmf/fonts/type1/public/cm-super/sfrm10
00.pfb>
Output written on Assignment1.pdf (33 pages, 4424662 bytes).
PDF statistics:
 176 PDF objects out of 1000 (max. 8388607)
 97 compressed objects within 1 object stream
 0 named destinations out of 1000 (max. 500000)
 91 words of extra memory for PDF output out of 10000 (max. 10000000)

